
> austin-weather-forecast@0.1.0 dev
> next dev

   ▲ Next.js 14.0.4
   - Local:        http://localhost:3000

 ✓ Ready in 931ms
 ✓ Compiled /api/weather/historical in 146ms (39 modules)
 ✓ Compiled /api/weather/forecast-monthly in 39ms (43 modules)
 ○ Compiling / ...
 ✓ Compiled / in 1748ms (1498 modules)
 ✓ Compiled in 121ms (739 modules)
 ✓ Compiled in 214ms (1487 modules)
 ✓ Compiled /api/weather/historical in 51ms (746 modules)
 ✓ Compiled /api/weather/forecast-monthly in 28ms (750 modules)
 ✓ Compiled in 209ms (1489 modules)
 ✓ Compiled in 98ms (1489 modules)
 ✓ Compiled in 58ms (723 modules)
 ✓ Compiled in 338ms (1462 modules)
 ✓ Compiled /api/weather/forecast-monthly in 46ms (748 modules)
 ✓ Compiled in 114ms (1487 modules)
 ✓ Compiled in 82ms (748 modules)
 ✓ Compiled in 66ms (723 modules)
 ✓ Compiled in 85ms (739 modules)
 ✓ Compiled in 55ms (739 modules)
 ✓ Compiled in 91ms (1462 modules)
 ✓ Compiled in 94ms (1462 modules)
 ✓ Compiled in 98ms (1462 modules)
 ✓ Compiled in 257ms (1470 modules)
 ✓ Compiled /api/weather/forecast-monthly in 73ms (752 modules)
 ✓ Compiled in 102ms (1495 modules)
 ✓ Compiled in 183ms (1466 modules)
 ✓ Compiled in 120ms (1466 modules)
 ✓ Compiled in 93ms (1466 modules)
 ✓ Compiled in 83ms (1466 modules)
 ✓ Compiled /api/weather/forecast-monthly in 161ms (750 modules)
 ✓ Compiled in 149ms (1466 modules)
 ✓ Compiled in 71ms (1466 modules)
 ✓ Compiled in 83ms (1466 modules)
 ✓ Compiled in 106ms (1466 modules)
 ✓ Compiled in 276ms (1466 modules)
 ✓ Compiled /api/weather/forecast-monthly in 87ms (750 modules)
 ✓ Compiled in 115ms (1491 modules)
 ✓ Compiled in 86ms (1491 modules)
 ✓ Compiled in 90ms (1491 modules)
 ✓ Compiled in 76ms (1466 modules)
 ✓ Compiled in 84ms (1466 modules)
 ✓ Compiled in 85ms (1466 modules)
 ✓ Compiled in 100ms (1466 modules)
 ✓ Compiled in 76ms (1466 modules)
 ✓ Compiled in 82ms (1466 modules)
 ✓ Compiled in 75ms (1466 modules)
 ✓ Compiled in 74ms (1466 modules)
 ✓ Compiled in 121ms (1466 modules)
 ✓ Compiled /api/weather/forecast-monthly in 26ms (750 modules)
 ✓ Compiled in 110ms (1491 modules)
 ✓ Compiled in 339ms (1464 modules)
 ✓ Compiled /api/weather/forecast-monthly in 33ms (749 modules)
 ✓ Compiled in 96ms (1489 modules)
 ✓ Compiled in 102ms (1489 modules)
 ✓ Compiled in 137ms (1464 modules)
 ✓ Compiled in 58ms (740 modules)
 ✓ Compiled in 168ms (1464 modules)
 ✓ Compiled in 98ms (1464 modules)
 ✓ Compiled /api/weather/forecast-monthly in 37ms (749 modules)
 ✓ Compiled in 114ms (1489 modules)
 ✓ Compiled in 176ms (1489 modules)
 ✓ Compiled in 91ms (1489 modules)
 ✓ Compiled in 127ms (1489 modules)
 ✓ Compiled in 138ms (1489 modules)
 ✓ Compiled in 159ms (1489 modules)
 ✓ Compiled in 103ms (1464 modules)
 ✓ Compiled in 105ms (1464 modules)
 ✓ Compiled /api/weather/forecast-monthly in 36ms (749 modules)
 ✓ Compiled in 94ms (1489 modules)
 ✓ Compiled in 161ms (1464 modules)
 ✓ Compiled /api/weather/forecast-monthly in 31ms (749 modules)
 ✓ Compiled in 99ms (1489 modules)
 ✓ Compiled in 222ms (1464 modules)
 ✓ Compiled in 118ms (1464 modules)
 ✓ Compiled /api/weather/forecast-monthly in 36ms (749 modules)
 ✓ Compiled in 98ms (1489 modules)
 ✓ Compiled in 52ms (724 modules)
 ✓ Compiled /api/weather/forecast-monthly in 53ms (749 modules)
 ✓ Compiled in 42ms (749 modules)
 ✓ Compiled in 174ms (1464 modules)
 ✓ Compiled /api/weather/forecast-monthly in 35ms (749 modules)
 ✓ Compiled in 109ms (1489 modules)
 ✓ Compiled in 227ms (1464 modules)
 ✓ Compiled /api/weather/forecast-monthly in 32ms (749 modules)
 ✓ Compiled in 115ms (1489 modules)
 ✓ Compiled in 222ms (1464 modules)
 ✓ Compiled /api/weather/forecast-monthly in 34ms (749 modules)
 ✓ Compiled in 115ms (1489 modules)
 ✓ Compiled in 139ms (1489 modules)
 ✓ Compiled in 96ms (1489 modules)
 ✓ Compiled in 141ms (1489 modules)
 ✓ Compiled in 130ms (1489 modules)
 ✓ Compiled in 173ms (1489 modules)
 ✓ Compiled in 116ms (1489 modules)
 ✓ Compiled in 234ms (1489 modules)
 ✓ Compiled in 146ms (1489 modules)
 ✓ Compiled in 146ms (1489 modules)
 ✓ Compiled in 183ms (1489 modules)
 ✓ Compiled in 127ms (1464 modules)
 ✓ Compiled in 172ms (1464 modules)
 ✓ Compiled in 133ms (1464 modules)
 ✓ Compiled /api/weather/forecast-monthly in 43ms (749 modules)
 ✓ Compiled in 130ms (1489 modules)
 ⨯ Module not found: Error: Can't resolve 'next-flight-client-entry-loader' in '/Users/nick/austin-weather-forecast'
Error: ENOENT: no such file or directory, scandir '/Users/nick/austin-weather-forecast/app'
    at async Object.readdir (node:internal/fs/promises:955:18)
    at async /Users/nick/austin-weather-forecast/node_modules/next/dist/lib/recursive-readdir.js:39:29
    at async Promise.all (index 0)
    at async recursiveReadDir (/Users/nick/austin-weather-forecast/node_modules/next/dist/lib/recursive-readdir.js:32:25)
    at async /Users/nick/austin-weather-forecast/node_modules/next/dist/server/future/route-matcher-providers/dev/helpers/file-reader/batched-file-reader.js:71:25
    at async Promise.all (index 0)
    at async BatchedFileReader.load (/Users/nick/austin-weather-forecast/node_modules/next/dist/server/future/route-matcher-providers/dev/helpers/file-reader/batched-file-reader.js:67:25)
    at async /Users/nick/austin-weather-forecast/node_modules/next/dist/server/future/route-matcher-providers/dev/helpers/file-reader/batched-file-reader.js:41:26 {
  errno: -2,
  code: 'ENOENT',
  syscall: 'scandir',
  path: '/Users/nick/austin-weather-forecast/app'
}
Error: ENOENT: no such file or directory, scandir '/Users/nick/austin-weather-forecast/app'
    at async Object.readdir (node:internal/fs/promises:955:18)
    at async /Users/nick/austin-weather-forecast/node_modules/next/dist/lib/recursive-readdir.js:39:29
    at async Promise.all (index 0)
    at async recursiveReadDir (/Users/nick/austin-weather-forecast/node_modules/next/dist/lib/recursive-readdir.js:32:25)
    at async /Users/nick/austin-weather-forecast/node_modules/next/dist/server/future/route-matcher-providers/dev/helpers/file-reader/batched-file-reader.js:71:25
    at async Promise.all (index 0)
    at async BatchedFileReader.load (/Users/nick/austin-weather-forecast/node_modules/next/dist/server/future/route-matcher-providers/dev/helpers/file-reader/batched-file-reader.js:67:25)
    at async /Users/nick/austin-weather-forecast/node_modules/next/dist/server/future/route-matcher-providers/dev/helpers/file-reader/batched-file-reader.js:41:26 {
  errno: -2,
  code: 'ENOENT',
  syscall: 'scandir',
  path: '/Users/nick/austin-weather-forecast/app'
}
 ⨯ unhandledRejection: Error: ENOENT: no such file or directory, scandir '/Users/nick/austin-weather-forecast/app'
    at async Object.readdir (node:internal/fs/promises:955:18)
    at async /Users/nick/austin-weather-forecast/node_modules/next/dist/lib/recursive-readdir.js:39:29
    at async Promise.all (index 0)
    at async recursiveReadDir (/Users/nick/austin-weather-forecast/node_modules/next/dist/lib/recursive-readdir.js:32:25)
    at async /Users/nick/austin-weather-forecast/node_modules/next/dist/server/future/route-matcher-providers/dev/helpers/file-reader/batched-file-reader.js:71:25
    at async Promise.all (index 0)
    at async BatchedFileReader.load (/Users/nick/austin-weather-forecast/node_modules/next/dist/server/future/route-matcher-providers/dev/helpers/file-reader/batched-file-reader.js:67:25)
    at async /Users/nick/austin-weather-forecast/node_modules/next/dist/server/future/route-matcher-providers/dev/helpers/file-reader/batched-file-reader.js:41:26 {
  errno: -2,
  code: 'ENOENT',
  syscall: 'scandir',
  path: '/Users/nick/austin-weather-forecast/app'
}
 ⨯ unhandledRejection: Error: ENOENT: no such file or directory, scandir '/Users/nick/austin-weather-forecast/app'
    at async Object.readdir (node:internal/fs/promises:955:18)
    at async /Users/nick/austin-weather-forecast/node_modules/next/dist/lib/recursive-readdir.js:39:29
    at async Promise.all (index 0)
    at async recursiveReadDir (/Users/nick/austin-weather-forecast/node_modules/next/dist/lib/recursive-readdir.js:32:25)
    at async /Users/nick/austin-weather-forecast/node_modules/next/dist/server/future/route-matcher-providers/dev/helpers/file-reader/batched-file-reader.js:71:25
    at async Promise.all (index 0)
    at async BatchedFileReader.load (/Users/nick/austin-weather-forecast/node_modules/next/dist/server/future/route-matcher-providers/dev/helpers/file-reader/batched-file-reader.js:67:25)
    at async /Users/nick/austin-weather-forecast/node_modules/next/dist/server/future/route-matcher-providers/dev/helpers/file-reader/batched-file-reader.js:41:26 {
  errno: -2,
  code: 'ENOENT',
  syscall: 'scandir',
  path: '/Users/nick/austin-weather-forecast/app'
}
Error: ENOENT: no such file or directory, scandir '/Users/nick/austin-weather-forecast/app'
    at async Object.readdir (node:internal/fs/promises:955:18)
    at async /Users/nick/austin-weather-forecast/node_modules/next/dist/lib/recursive-readdir.js:39:29
    at async Promise.all (index 0)
    at async recursiveReadDir (/Users/nick/austin-weather-forecast/node_modules/next/dist/lib/recursive-readdir.js:32:25)
    at async /Users/nick/austin-weather-forecast/node_modules/next/dist/server/future/route-matcher-providers/dev/helpers/file-reader/batched-file-reader.js:71:25
    at async Promise.all (index 0)
    at async BatchedFileReader.load (/Users/nick/austin-weather-forecast/node_modules/next/dist/server/future/route-matcher-providers/dev/helpers/file-reader/batched-file-reader.js:67:25)
    at async /Users/nick/austin-weather-forecast/node_modules/next/dist/server/future/route-matcher-providers/dev/helpers/file-reader/batched-file-reader.js:41:26 {
  errno: -2,
  code: 'ENOENT',
  syscall: 'scandir',
  path: '/Users/nick/austin-weather-forecast/app'
}
Error: ENOENT: no such file or directory, scandir '/Users/nick/austin-weather-forecast/app'
    at async Object.readdir (node:internal/fs/promises:955:18)
    at async /Users/nick/austin-weather-forecast/node_modules/next/dist/lib/recursive-readdir.js:39:29
    at async Promise.all (index 0)
    at async recursiveReadDir (/Users/nick/austin-weather-forecast/node_modules/next/dist/lib/recursive-readdir.js:32:25)
    at async /Users/nick/austin-weather-forecast/node_modules/next/dist/server/future/route-matcher-providers/dev/helpers/file-reader/batched-file-reader.js:71:25
    at async Promise.all (index 0)
    at async BatchedFileReader.load (/Users/nick/austin-weather-forecast/node_modules/next/dist/server/future/route-matcher-providers/dev/helpers/file-reader/batched-file-reader.js:67:25)
    at async /Users/nick/austin-weather-forecast/node_modules/next/dist/server/future/route-matcher-providers/dev/helpers/file-reader/batched-file-reader.js:41:26 {
  errno: -2,
  code: 'ENOENT',
  syscall: 'scandir',
  path: '/Users/nick/austin-weather-forecast/app'
}
 ⨯ Module not found: Error: Can't resolve 'next-flight-client-entry-loader' in '/Users/nick/austin-weather-forecast'
Error: ENOENT: no such file or directory, scandir '/Users/nick/austin-weather-forecast/app'
    at async Object.readdir (node:internal/fs/promises:955:18)
    at async /Users/nick/austin-weather-forecast/node_modules/next/dist/lib/recursive-readdir.js:39:29
    at async Promise.all (index 0)
    at async recursiveReadDir (/Users/nick/austin-weather-forecast/node_modules/next/dist/lib/recursive-readdir.js:32:25)
    at async /Users/nick/austin-weather-forecast/node_modules/next/dist/server/future/route-matcher-providers/dev/helpers/file-reader/batched-file-reader.js:71:25
    at async Promise.all (index 0)
    at async BatchedFileReader.load (/Users/nick/austin-weather-forecast/node_modules/next/dist/server/future/route-matcher-providers/dev/helpers/file-reader/batched-file-reader.js:67:25)
    at async /Users/nick/austin-weather-forecast/node_modules/next/dist/server/future/route-matcher-providers/dev/helpers/file-reader/batched-file-reader.js:41:26 {
  errno: -2,
  code: 'ENOENT',
  syscall: 'scandir',
  path: '/Users/nick/austin-weather-forecast/app'
}
Error: ENOENT: no such file or directory, scandir '/Users/nick/austin-weather-forecast/app'
    at async Object.readdir (node:internal/fs/promises:955:18)
    at async /Users/nick/austin-weather-forecast/node_modules/next/dist/lib/recursive-readdir.js:39:29
    at async Promise.all (index 0)
    at async recursiveReadDir (/Users/nick/austin-weather-forecast/node_modules/next/dist/lib/recursive-readdir.js:32:25)
    at async /Users/nick/austin-weather-forecast/node_modules/next/dist/server/future/route-matcher-providers/dev/helpers/file-reader/batched-file-reader.js:71:25
    at async Promise.all (index 0)
    at async BatchedFileReader.load (/Users/nick/austin-weather-forecast/node_modules/next/dist/server/future/route-matcher-providers/dev/helpers/file-reader/batched-file-reader.js:67:25)
    at async /Users/nick/austin-weather-forecast/node_modules/next/dist/server/future/route-matcher-providers/dev/helpers/file-reader/batched-file-reader.js:41:26 {
  errno: -2,
  code: 'ENOENT',
  syscall: 'scandir',
  path: '/Users/nick/austin-weather-forecast/app'
}
Error: ENOENT: no such file or directory, scandir '/Users/nick/austin-weather-forecast/app'
    at async Object.readdir (node:internal/fs/promises:955:18)
    at async /Users/nick/austin-weather-forecast/node_modules/next/dist/lib/recursive-readdir.js:39:29
    at async Promise.all (index 0)
    at async recursiveReadDir (/Users/nick/austin-weather-forecast/node_modules/next/dist/lib/recursive-readdir.js:32:25)
    at async /Users/nick/austin-weather-forecast/node_modules/next/dist/server/future/route-matcher-providers/dev/helpers/file-reader/batched-file-reader.js:71:25
    at async Promise.all (index 0)
    at async BatchedFileReader.load (/Users/nick/austin-weather-forecast/node_modules/next/dist/server/future/route-matcher-providers/dev/helpers/file-reader/batched-file-reader.js:67:25)
    at async /Users/nick/austin-weather-forecast/node_modules/next/dist/server/future/route-matcher-providers/dev/helpers/file-reader/batched-file-reader.js:41:26 {
  errno: -2,
  code: 'ENOENT',
  syscall: 'scandir',
  path: '/Users/nick/austin-weather-forecast/app'
}
Error: ENOENT: no such file or directory, scandir '/Users/nick/austin-weather-forecast/app'
    at async Object.readdir (node:internal/fs/promises:955:18)
    at async /Users/nick/austin-weather-forecast/node_modules/next/dist/lib/recursive-readdir.js:39:29
    at async Promise.all (index 0)
    at async recursiveReadDir (/Users/nick/austin-weather-forecast/node_modules/next/dist/lib/recursive-readdir.js:32:25)
    at async /Users/nick/austin-weather-forecast/node_modules/next/dist/server/future/route-matcher-providers/dev/helpers/file-reader/batched-file-reader.js:71:25
    at async Promise.all (index 0)
    at async BatchedFileReader.load (/Users/nick/austin-weather-forecast/node_modules/next/dist/server/future/route-matcher-providers/dev/helpers/file-reader/batched-file-reader.js:67:25)
    at async /Users/nick/austin-weather-forecast/node_modules/next/dist/server/future/route-matcher-providers/dev/helpers/file-reader/batched-file-reader.js:41:26 {
  errno: -2,
  code: 'ENOENT',
  syscall: 'scandir',
  path: '/Users/nick/austin-weather-forecast/app'
}
Error: ENOENT: no such file or directory, scandir '/Users/nick/austin-weather-forecast/app'
    at async Object.readdir (node:internal/fs/promises:955:18)
    at async /Users/nick/austin-weather-forecast/node_modules/next/dist/lib/recursive-readdir.js:39:29
    at async Promise.all (index 0)
    at async recursiveReadDir (/Users/nick/austin-weather-forecast/node_modules/next/dist/lib/recursive-readdir.js:32:25)
    at async /Users/nick/austin-weather-forecast/node_modules/next/dist/server/future/route-matcher-providers/dev/helpers/file-reader/batched-file-reader.js:71:25
    at async Promise.all (index 0)
    at async BatchedFileReader.load (/Users/nick/austin-weather-forecast/node_modules/next/dist/server/future/route-matcher-providers/dev/helpers/file-reader/batched-file-reader.js:67:25)
    at async /Users/nick/austin-weather-forecast/node_modules/next/dist/server/future/route-matcher-providers/dev/helpers/file-reader/batched-file-reader.js:41:26 {
  errno: -2,
  code: 'ENOENT',
  syscall: 'scandir',
  path: '/Users/nick/austin-weather-forecast/app'
}
Error: ENOENT: no such file or directory, scandir '/Users/nick/austin-weather-forecast/app'
    at async Object.readdir (node:internal/fs/promises:955:18)
    at async /Users/nick/austin-weather-forecast/node_modules/next/dist/lib/recursive-readdir.js:39:29
    at async Promise.all (index 0)
    at async recursiveReadDir (/Users/nick/austin-weather-forecast/node_modules/next/dist/lib/recursive-readdir.js:32:25)
    at async /Users/nick/austin-weather-forecast/node_modules/next/dist/server/future/route-matcher-providers/dev/helpers/file-reader/batched-file-reader.js:71:25
    at async Promise.all (index 0)
    at async BatchedFileReader.load (/Users/nick/austin-weather-forecast/node_modules/next/dist/server/future/route-matcher-providers/dev/helpers/file-reader/batched-file-reader.js:67:25)
    at async /Users/nick/austin-weather-forecast/node_modules/next/dist/server/future/route-matcher-providers/dev/helpers/file-reader/batched-file-reader.js:41:26 {
  errno: -2,
  code: 'ENOENT',
  syscall: 'scandir',
  path: '/Users/nick/austin-weather-forecast/app'
}
Error: ENOENT: no such file or directory, scandir '/Users/nick/austin-weather-forecast/app'
    at async Object.readdir (node:internal/fs/promises:955:18)
    at async /Users/nick/austin-weather-forecast/node_modules/next/dist/lib/recursive-readdir.js:39:29
    at async Promise.all (index 0)
    at async recursiveReadDir (/Users/nick/austin-weather-forecast/node_modules/next/dist/lib/recursive-readdir.js:32:25)
    at async /Users/nick/austin-weather-forecast/node_modules/next/dist/server/future/route-matcher-providers/dev/helpers/file-reader/batched-file-reader.js:71:25
    at async Promise.all (index 0)
    at async BatchedFileReader.load (/Users/nick/austin-weather-forecast/node_modules/next/dist/server/future/route-matcher-providers/dev/helpers/file-reader/batched-file-reader.js:67:25)
    at async /Users/nick/austin-weather-forecast/node_modules/next/dist/server/future/route-matcher-providers/dev/helpers/file-reader/batched-file-reader.js:41:26 {
  errno: -2,
  code: 'ENOENT',
  syscall: 'scandir',
  path: '/Users/nick/austin-weather-forecast/app'
}
Error: ENOENT: no such file or directory, scandir '/Users/nick/austin-weather-forecast/app'
    at async Object.readdir (node:internal/fs/promises:955:18)
    at async /Users/nick/austin-weather-forecast/node_modules/next/dist/lib/recursive-readdir.js:39:29
    at async Promise.all (index 0)
    at async recursiveReadDir (/Users/nick/austin-weather-forecast/node_modules/next/dist/lib/recursive-readdir.js:32:25)
    at async /Users/nick/austin-weather-forecast/node_modules/next/dist/server/future/route-matcher-providers/dev/helpers/file-reader/batched-file-reader.js:71:25
    at async Promise.all (index 0)
    at async BatchedFileReader.load (/Users/nick/austin-weather-forecast/node_modules/next/dist/server/future/route-matcher-providers/dev/helpers/file-reader/batched-file-reader.js:67:25)
    at async /Users/nick/austin-weather-forecast/node_modules/next/dist/server/future/route-matcher-providers/dev/helpers/file-reader/batched-file-reader.js:41:26 {
  errno: -2,
  code: 'ENOENT',
  syscall: 'scandir',
  path: '/Users/nick/austin-weather-forecast/app'
}
 ⨯ Module not found: Error: /Users/nick/austin-weather-forecast/package.json (directory description file): Error: /Users/nick/austin-weather-forecast/package.json (directory description file): Error: /Users/nick/austin-weather-forecast/package.json (directory description file): Error: No file content
 ⨯ Module not found: Error: Can't resolve 'next-flight-client-entry-loader' in '/Users/nick/austin-weather-forecast'
 ⚠ Found a change in next.config.js. Restarting the server to apply the changes...
node:internal/modules/cjs/loader:1368
  throw err;
  ^

Error: Cannot find module '/Users/nick/austin-weather-forecast/node_modules/next/dist/server/lib/start-server.js'
    at Function._resolveFilename (node:internal/modules/cjs/loader:1365:15)
    at defaultResolveImpl (node:internal/modules/cjs/loader:1021:19)
    at resolveForCJSWithHooks (node:internal/modules/cjs/loader:1026:22)
    at Function._load (node:internal/modules/cjs/loader:1175:37)
    at TracingChannel.traceSync (node:diagnostics_channel:322:14)
    at wrapModuleLoad (node:internal/modules/cjs/loader:235:24)
    at Function.executeUserEntryPoint [as runMain] (node:internal/modules/run_main:171:5)
    at node:internal/main/run_main_module:36:49 {
  code: 'MODULE_NOT_FOUND',
  requireStack: []
}

Node.js v22.18.0
[?25h
